mode: set
github.com/zoobzio/flume/builders.go:39.75,40.29 1 1
github.com/zoobzio/flume/builders.go:40.29,42.3 1 0
github.com/zoobzio/flume/builders.go:44.2,45.31 2 1
github.com/zoobzio/flume/builders.go:45.31,47.17 2 1
github.com/zoobzio/flume/builders.go:47.17,49.4 1 0
github.com/zoobzio/flume/builders.go:50.3,50.41 1 1
github.com/zoobzio/flume/builders.go:53.2,54.16 2 1
github.com/zoobzio/flume/builders.go:54.16,56.3 1 1
github.com/zoobzio/flume/builders.go:58.2,58.60 1 1
github.com/zoobzio/flume/builders.go:62.77,63.29 1 1
github.com/zoobzio/flume/builders.go:63.29,65.3 1 0
github.com/zoobzio/flume/builders.go:67.2,68.31 2 1
github.com/zoobzio/flume/builders.go:68.31,70.17 2 1
github.com/zoobzio/flume/builders.go:70.17,72.4 1 0
github.com/zoobzio/flume/builders.go:73.3,73.41 1 1
github.com/zoobzio/flume/builders.go:76.2,77.16 2 1
github.com/zoobzio/flume/builders.go:77.16,79.3 1 1
github.com/zoobzio/flume/builders.go:82.2,83.24 2 1
github.com/zoobzio/flume/builders.go:83.24,85.14 2 1
github.com/zoobzio/flume/builders.go:85.14,87.4 1 0
github.com/zoobzio/flume/builders.go:88.3,88.23 1 1
github.com/zoobzio/flume/builders.go:91.2,91.74 1 1
github.com/zoobzio/flume/builders.go:95.71,96.29 1 1
github.com/zoobzio/flume/builders.go:96.29,98.3 1 0
github.com/zoobzio/flume/builders.go:100.2,101.31 2 1
github.com/zoobzio/flume/builders.go:101.31,103.17 2 1
github.com/zoobzio/flume/builders.go:103.17,105.4 1 0
github.com/zoobzio/flume/builders.go:106.3,106.41 1 1
github.com/zoobzio/flume/builders.go:109.2,110.16 2 1
github.com/zoobzio/flume/builders.go:110.16,112.3 1 1
github.com/zoobzio/flume/builders.go:114.2,114.59 1 1
github.com/zoobzio/flume/builders.go:118.75,119.29 1 1
github.com/zoobzio/flume/builders.go:119.29,121.3 1 0
github.com/zoobzio/flume/builders.go:123.2,124.16 2 1
github.com/zoobzio/flume/builders.go:124.16,126.3 1 0
github.com/zoobzio/flume/builders.go:128.2,129.16 2 1
github.com/zoobzio/flume/builders.go:129.16,131.3 1 0
github.com/zoobzio/flume/builders.go:133.2,134.16 2 1
github.com/zoobzio/flume/builders.go:134.16,136.3 1 1
github.com/zoobzio/flume/builders.go:138.2,138.66 1 1
github.com/zoobzio/flume/builders.go:142.72,143.23 1 1
github.com/zoobzio/flume/builders.go:143.23,145.3 1 0
github.com/zoobzio/flume/builders.go:147.2,148.16 2 1
github.com/zoobzio/flume/builders.go:148.16,150.3 1 0
github.com/zoobzio/flume/builders.go:152.2,153.16 2 1
github.com/zoobzio/flume/builders.go:153.16,154.25 1 1
github.com/zoobzio/flume/builders.go:154.25,156.4 1 1
github.com/zoobzio/flume/builders.go:156.9,158.4 1 1
github.com/zoobzio/flume/builders.go:162.2,162.24 1 1
github.com/zoobzio/flume/builders.go:162.24,165.17 2 1
github.com/zoobzio/flume/builders.go:165.17,167.4 1 0
github.com/zoobzio/flume/builders.go:170.3,171.20 2 1
github.com/zoobzio/flume/builders.go:171.20,173.4 1 0
github.com/zoobzio/flume/builders.go:175.3,175.73 1 1
github.com/zoobzio/flume/builders.go:179.2,180.19 2 1
github.com/zoobzio/flume/builders.go:180.19,182.3 1 1
github.com/zoobzio/flume/builders.go:184.2,184.61 1 1
github.com/zoobzio/flume/builders.go:188.74,189.23 1 1
github.com/zoobzio/flume/builders.go:189.23,191.3 1 0
github.com/zoobzio/flume/builders.go:193.2,194.16 2 1
github.com/zoobzio/flume/builders.go:194.16,196.3 1 0
github.com/zoobzio/flume/builders.go:198.2,199.16 2 1
github.com/zoobzio/flume/builders.go:199.16,201.3 1 1
github.com/zoobzio/flume/builders.go:204.2,205.25 2 1
github.com/zoobzio/flume/builders.go:205.25,207.17 2 1
github.com/zoobzio/flume/builders.go:207.17,209.4 1 0
github.com/zoobzio/flume/builders.go:210.3,210.20 1 1
github.com/zoobzio/flume/builders.go:213.2,213.63 1 1
github.com/zoobzio/flume/builders.go:217.73,218.26 1 1
github.com/zoobzio/flume/builders.go:218.26,220.3 1 0
github.com/zoobzio/flume/builders.go:221.2,221.22 1 1
github.com/zoobzio/flume/builders.go:221.22,223.3 1 0
github.com/zoobzio/flume/builders.go:225.2,226.13 2 1
github.com/zoobzio/flume/builders.go:226.13,228.3 1 0
github.com/zoobzio/flume/builders.go:229.2,232.16 3 1
github.com/zoobzio/flume/builders.go:232.16,234.3 1 0
github.com/zoobzio/flume/builders.go:236.2,237.16 2 1
github.com/zoobzio/flume/builders.go:237.16,239.3 1 1
github.com/zoobzio/flume/builders.go:242.2,242.22 1 1
github.com/zoobzio/flume/builders.go:242.22,244.3 1 1
github.com/zoobzio/flume/builders.go:247.2,248.16 2 1
github.com/zoobzio/flume/builders.go:248.16,250.3 1 0
github.com/zoobzio/flume/builders.go:253.2,253.82 1 1
github.com/zoobzio/flume/builders.go:253.82,254.27 1 1
github.com/zoobzio/flume/builders.go:254.27,256.4 1 1
github.com/zoobzio/flume/builders.go:257.3,257.39 1 1
github.com/zoobzio/flume/builders.go:262.73,263.26 1 1
github.com/zoobzio/flume/builders.go:263.26,265.3 1 0
github.com/zoobzio/flume/builders.go:266.2,266.27 1 1
github.com/zoobzio/flume/builders.go:266.27,268.3 1 0
github.com/zoobzio/flume/builders.go:270.2,271.13 2 1
github.com/zoobzio/flume/builders.go:271.13,273.3 1 0
github.com/zoobzio/flume/builders.go:274.2,277.16 3 1
github.com/zoobzio/flume/builders.go:277.16,279.3 1 1
github.com/zoobzio/flume/builders.go:282.2,283.31 2 1
github.com/zoobzio/flume/builders.go:283.31,286.17 3 1
github.com/zoobzio/flume/builders.go:286.17,288.4 1 0
github.com/zoobzio/flume/builders.go:289.3,289.22 1 1
github.com/zoobzio/flume/builders.go:293.2,294.33 2 1
github.com/zoobzio/flume/builders.go:294.33,296.3 1 1
github.com/zoobzio/flume/builders.go:299.2,299.25 1 1
github.com/zoobzio/flume/builders.go:299.25,303.17 2 1
github.com/zoobzio/flume/builders.go:303.17,305.4 1 0
github.com/zoobzio/flume/builders.go:306.3,306.39 1 1
github.com/zoobzio/flume/builders.go:309.2,309.16 1 1
github.com/zoobzio/flume/builders.go:313.81,314.23 1 1
github.com/zoobzio/flume/builders.go:314.23,316.3 1 0
github.com/zoobzio/flume/builders.go:318.2,319.16 2 1
github.com/zoobzio/flume/builders.go:319.16,321.3 1 0
github.com/zoobzio/flume/builders.go:323.2,324.16 2 1
github.com/zoobzio/flume/builders.go:324.16,326.3 1 1
github.com/zoobzio/flume/builders.go:329.2,330.27 2 1
github.com/zoobzio/flume/builders.go:330.27,332.3 1 1
github.com/zoobzio/flume/builders.go:335.2,336.32 2 1
github.com/zoobzio/flume/builders.go:336.32,338.17 2 1
github.com/zoobzio/flume/builders.go:338.17,340.4 1 0
github.com/zoobzio/flume/builders.go:341.3,341.27 1 1
github.com/zoobzio/flume/builders.go:344.2,344.95 1 1
github.com/zoobzio/flume/builders.go:348.76,349.23 1 1
github.com/zoobzio/flume/builders.go:349.23,351.3 1 0
github.com/zoobzio/flume/builders.go:353.2,354.16 2 1
github.com/zoobzio/flume/builders.go:354.16,356.3 1 0
github.com/zoobzio/flume/builders.go:358.2,359.16 2 1
github.com/zoobzio/flume/builders.go:359.16,361.3 1 1
github.com/zoobzio/flume/builders.go:364.2,365.28 2 1
github.com/zoobzio/flume/builders.go:365.28,367.3 1 1
github.com/zoobzio/flume/builders.go:370.2,371.20 2 1
github.com/zoobzio/flume/builders.go:371.20,373.3 1 1
github.com/zoobzio/flume/builders.go:376.2,378.22 3 1
github.com/zoobzio/flume/builders.go:382.73,383.23 1 1
github.com/zoobzio/flume/builders.go:383.23,385.3 1 1
github.com/zoobzio/flume/builders.go:387.2,388.13 2 1
github.com/zoobzio/flume/builders.go:388.13,390.3 1 1
github.com/zoobzio/flume/builders.go:393.2,393.118 1 1
github.com/zoobzio/flume/builders.go:393.118,396.3 2 1
github.com/zoobzio/flume/builders.go:399.2,399.50 1 1
github.com/zoobzio/flume/builders.go:399.50,401.3 1 1
github.com/zoobzio/flume/builders.go:404.2,407.23 2 1
github.com/zoobzio/flume/builders.go:407.23,409.17 2 1
github.com/zoobzio/flume/builders.go:409.17,411.4 1 0
github.com/zoobzio/flume/builders.go:412.3,412.37 1 1
github.com/zoobzio/flume/builders.go:416.2,416.31 1 1
github.com/zoobzio/flume/builders.go:416.31,418.17 2 0
github.com/zoobzio/flume/builders.go:418.17,420.4 1 0
github.com/zoobzio/flume/builders.go:421.3,421.37 1 0
github.com/zoobzio/flume/builders.go:424.2,425.16 2 1
github.com/zoobzio/flume/builders.go:425.16,427.3 1 1
github.com/zoobzio/flume/builders.go:429.2,429.60 1 1
github.com/zoobzio/flume/builders.go:433.74,434.29 1 1
github.com/zoobzio/flume/builders.go:434.29,436.3 1 0
github.com/zoobzio/flume/builders.go:437.2,437.26 1 1
github.com/zoobzio/flume/builders.go:437.26,439.3 1 0
github.com/zoobzio/flume/builders.go:441.2,442.13 2 1
github.com/zoobzio/flume/builders.go:442.13,444.3 1 0
github.com/zoobzio/flume/builders.go:445.2,448.31 3 1
github.com/zoobzio/flume/builders.go:448.31,450.17 2 1
github.com/zoobzio/flume/builders.go:450.17,452.4 1 0
github.com/zoobzio/flume/builders.go:453.3,453.41 1 1
github.com/zoobzio/flume/builders.go:456.2,457.16 2 1
github.com/zoobzio/flume/builders.go:457.16,459.3 1 1
github.com/zoobzio/flume/builders.go:461.2,461.73 1 1
github.com/zoobzio/flume/builders.go:465.73,466.23 1 1
github.com/zoobzio/flume/builders.go:466.23,468.3 1 0
github.com/zoobzio/flume/builders.go:469.2,469.29 1 1
github.com/zoobzio/flume/builders.go:469.29,471.3 1 0
github.com/zoobzio/flume/builders.go:473.2,474.13 2 1
github.com/zoobzio/flume/builders.go:474.13,476.3 1 0
github.com/zoobzio/flume/builders.go:477.2,480.16 3 1
github.com/zoobzio/flume/builders.go:480.16,482.3 1 0
github.com/zoobzio/flume/builders.go:484.2,485.16 2 1
github.com/zoobzio/flume/builders.go:485.16,487.3 1 1
github.com/zoobzio/flume/builders.go:489.2,489.61 1 1
github.com/zoobzio/flume/builders.go:493.75,494.29 1 1
github.com/zoobzio/flume/builders.go:494.29,496.3 1 0
github.com/zoobzio/flume/builders.go:498.2,499.31 2 1
github.com/zoobzio/flume/builders.go:499.31,501.17 2 1
github.com/zoobzio/flume/builders.go:501.17,503.4 1 0
github.com/zoobzio/flume/builders.go:504.3,504.41 1 1
github.com/zoobzio/flume/builders.go:507.2,508.16 2 1
github.com/zoobzio/flume/builders.go:508.16,510.3 1 1
github.com/zoobzio/flume/builders.go:512.2,512.63 1 1
github.com/zoobzio/flume/builders.go:516.77,517.29 1 1
github.com/zoobzio/flume/builders.go:517.29,519.3 1 0
github.com/zoobzio/flume/builders.go:521.2,522.31 2 1
github.com/zoobzio/flume/builders.go:522.31,524.17 2 1
github.com/zoobzio/flume/builders.go:524.17,526.4 1 0
github.com/zoobzio/flume/builders.go:527.3,527.41 1 1
github.com/zoobzio/flume/builders.go:530.2,531.16 2 1
github.com/zoobzio/flume/builders.go:531.16,533.3 1 1
github.com/zoobzio/flume/builders.go:535.2,536.18 2 1
github.com/zoobzio/flume/builders.go:536.18,538.3 1 1
github.com/zoobzio/flume/builders.go:540.2,540.74 1 1
github.com/zoobzio/flume/factory.go:151.42,167.2 3 1
github.com/zoobzio/flume/factory.go:171.59,175.39 3 1
github.com/zoobzio/flume/factory.go:175.39,182.3 2 1
github.com/zoobzio/flume/factory.go:186.66,190.32 3 1
github.com/zoobzio/flume/factory.go:190.32,199.3 2 1
github.com/zoobzio/flume/factory.go:203.63,207.31 3 1
github.com/zoobzio/flume/factory.go:207.31,215.3 2 1
github.com/zoobzio/flume/factory.go:219.63,223.31 3 1
github.com/zoobzio/flume/factory.go:223.31,232.3 2 1
github.com/zoobzio/flume/factory.go:236.57,240.29 3 1
github.com/zoobzio/flume/factory.go:240.29,248.3 2 1
github.com/zoobzio/flume/factory.go:252.67,256.29 3 1
github.com/zoobzio/flume/factory.go:256.29,264.3 2 1
github.com/zoobzio/flume/factory.go:268.70,273.26 3 1
github.com/zoobzio/flume/factory.go:273.26,275.3 1 1
github.com/zoobzio/flume/factory.go:276.2,279.49 2 1
github.com/zoobzio/flume/factory.go:279.49,284.27 2 1
github.com/zoobzio/flume/factory.go:284.27,286.4 1 0
github.com/zoobzio/flume/factory.go:287.3,288.18 2 1
github.com/zoobzio/flume/factory.go:291.2,295.16 4 1
github.com/zoobzio/flume/factory.go:295.16,300.27 2 0
github.com/zoobzio/flume/factory.go:300.27,302.4 1 0
github.com/zoobzio/flume/factory.go:303.3,304.18 2 0
github.com/zoobzio/flume/factory.go:307.2,310.26 2 1
github.com/zoobzio/flume/factory.go:310.26,312.3 1 1
github.com/zoobzio/flume/factory.go:313.2,314.22 2 1
github.com/zoobzio/flume/factory.go:318.71,320.20 1 1
github.com/zoobzio/flume/factory.go:320.20,322.14 2 1
github.com/zoobzio/flume/factory.go:322.14,324.4 1 0
github.com/zoobzio/flume/factory.go:325.3,325.27 1 1
github.com/zoobzio/flume/factory.go:329.2,329.19 1 1
github.com/zoobzio/flume/factory.go:330.18,331.31 1 1
github.com/zoobzio/flume/factory.go:332.20,333.33 1 1
github.com/zoobzio/flume/factory.go:334.14,335.27 1 1
github.com/zoobzio/flume/factory.go:336.18,337.31 1 1
github.com/zoobzio/flume/factory.go:338.15,339.28 1 1
github.com/zoobzio/flume/factory.go:340.17,341.30 1 1
github.com/zoobzio/flume/factory.go:342.16,343.29 1 1
github.com/zoobzio/flume/factory.go:344.16,345.29 1 1
github.com/zoobzio/flume/factory.go:346.25,347.37 1 1
github.com/zoobzio/flume/factory.go:348.20,349.32 1 1
github.com/zoobzio/flume/factory.go:350.17,351.30 1 1
github.com/zoobzio/flume/factory.go:352.16,353.29 1 1
github.com/zoobzio/flume/factory.go:354.18,355.31 1 1
github.com/zoobzio/flume/factory.go:356.21,357.33 1 1
github.com/zoobzio/flume/factory.go:358.10,360.24 1 1
github.com/zoobzio/flume/factory.go:360.24,362.4 1 1
github.com/zoobzio/flume/factory.go:363.3,363.62 1 0
github.com/zoobzio/flume/factory.go:368.66,370.49 1 1
github.com/zoobzio/flume/factory.go:370.49,372.3 1 0
github.com/zoobzio/flume/factory.go:374.2,375.16 2 1
github.com/zoobzio/flume/factory.go:375.16,377.3 1 0
github.com/zoobzio/flume/factory.go:379.2,387.46 6 1
github.com/zoobzio/flume/factory.go:387.46,389.3 1 1
github.com/zoobzio/flume/factory.go:389.8,393.3 3 1
github.com/zoobzio/flume/factory.go:395.2,395.14 1 1
github.com/zoobzio/flume/factory.go:395.14,399.30 2 1
github.com/zoobzio/flume/factory.go:399.30,401.4 1 1
github.com/zoobzio/flume/factory.go:402.3,402.27 1 1
github.com/zoobzio/flume/factory.go:402.27,404.4 1 1
github.com/zoobzio/flume/factory.go:405.3,405.63 1 1
github.com/zoobzio/flume/factory.go:406.8,410.27 2 1
github.com/zoobzio/flume/factory.go:410.27,412.4 1 1
github.com/zoobzio/flume/factory.go:413.3,413.66 1 1
github.com/zoobzio/flume/factory.go:415.2,415.12 1 1
github.com/zoobzio/flume/factory.go:420.70,425.16 4 1
github.com/zoobzio/flume/factory.go:425.16,430.3 2 1
github.com/zoobzio/flume/factory.go:432.2,435.26 2 1
github.com/zoobzio/flume/factory.go:440.60,444.47 3 1
github.com/zoobzio/flume/factory.go:444.47,446.3 1 1
github.com/zoobzio/flume/factory.go:447.2,447.24 1 1
github.com/zoobzio/flume/factory.go:452.53,456.43 3 1
github.com/zoobzio/flume/factory.go:456.43,458.3 1 1
github.com/zoobzio/flume/factory.go:460.2,465.13 4 1
github.com/zoobzio/flume/factory.go:469.45,474.30 4 1
github.com/zoobzio/flume/factory.go:474.30,476.3 1 1
github.com/zoobzio/flume/factory.go:477.2,477.14 1 1
github.com/zoobzio/flume/factory.go:481.56,486.2 4 1
github.com/zoobzio/flume/factory.go:489.56,494.2 4 1
github.com/zoobzio/flume/factory.go:497.56,502.2 4 1
github.com/zoobzio/flume/factory.go:505.54,510.2 4 1
github.com/zoobzio/flume/factory.go:513.59,518.2 4 1
github.com/zoobzio/flume/factory.go:521.51,526.33 4 1
github.com/zoobzio/flume/factory.go:526.33,528.3 1 1
github.com/zoobzio/flume/factory.go:529.2,529.14 1 1
github.com/zoobzio/flume/factory.go:533.51,538.33 4 1
github.com/zoobzio/flume/factory.go:538.33,540.3 1 1
github.com/zoobzio/flume/factory.go:541.2,541.14 1 1
github.com/zoobzio/flume/factory.go:545.51,550.33 4 1
github.com/zoobzio/flume/factory.go:550.33,552.3 1 1
github.com/zoobzio/flume/factory.go:553.2,553.14 1 1
github.com/zoobzio/flume/factory.go:557.49,562.31 4 1
github.com/zoobzio/flume/factory.go:562.31,564.3 1 1
github.com/zoobzio/flume/factory.go:565.2,565.14 1 1
github.com/zoobzio/flume/factory.go:569.54,574.36 4 1
github.com/zoobzio/flume/factory.go:574.36,576.3 1 1
github.com/zoobzio/flume/factory.go:577.2,577.14 1 1
github.com/zoobzio/flume/factory.go:582.53,587.29 4 1
github.com/zoobzio/flume/factory.go:587.29,588.46 1 1
github.com/zoobzio/flume/factory.go:588.46,594.4 3 1
github.com/zoobzio/flume/factory.go:596.2,596.16 1 1
github.com/zoobzio/flume/factory.go:601.64,609.2 4 1
github.com/zoobzio/flume/factory.go:612.63,618.2 4 1
github.com/zoobzio/flume/factory.go:621.51,627.2 4 1
github.com/zoobzio/flume/factory.go:630.46,635.31 4 1
github.com/zoobzio/flume/factory.go:635.31,637.3 1 1
github.com/zoobzio/flume/factory.go:638.2,638.14 1 1
github.com/zoobzio/flume/factory.go:642.54,646.43 3 1
github.com/zoobzio/flume/factory.go:646.43,652.3 3 1
github.com/zoobzio/flume/factory.go:653.2,653.14 1 1
github.com/zoobzio/flume/factory.go:658.62,663.29 4 1
github.com/zoobzio/flume/factory.go:663.29,664.46 1 1
github.com/zoobzio/flume/factory.go:664.46,670.4 3 1
github.com/zoobzio/flume/factory.go:672.2,672.16 1 1
github.com/zoobzio/flume/factory.go:677.62,682.29 4 1
github.com/zoobzio/flume/factory.go:682.29,683.46 1 1
github.com/zoobzio/flume/factory.go:683.46,689.4 3 1
github.com/zoobzio/flume/factory.go:691.2,691.16 1 1
github.com/zoobzio/flume/factory.go:696.60,701.29 4 1
github.com/zoobzio/flume/factory.go:701.29,702.44 1 1
github.com/zoobzio/flume/factory.go:702.44,708.4 3 1
github.com/zoobzio/flume/factory.go:710.2,710.16 1 1
github.com/zoobzio/flume/factory.go:715.65,720.29 4 1
github.com/zoobzio/flume/factory.go:720.29,721.49 1 1
github.com/zoobzio/flume/factory.go:721.49,727.4 3 1
github.com/zoobzio/flume/factory.go:729.2,729.16 1 1
github.com/zoobzio/flume/loader.go:18.76,20.16 2 1
github.com/zoobzio/flume/loader.go:20.16,25.3 2 1
github.com/zoobzio/flume/loader.go:27.2,34.13 4 1
github.com/zoobzio/flume/loader.go:35.15,36.55 1 1
github.com/zoobzio/flume/loader.go:36.55,41.4 2 1
github.com/zoobzio/flume/loader.go:42.3,43.27 2 1
github.com/zoobzio/flume/loader.go:43.27,45.4 1 1
github.com/zoobzio/flume/loader.go:46.3,46.66 1 1
github.com/zoobzio/flume/loader.go:47.23,48.55 1 1
github.com/zoobzio/flume/loader.go:48.55,53.4 2 1
github.com/zoobzio/flume/loader.go:54.3,55.27 2 1
github.com/zoobzio/flume/loader.go:55.27,57.4 1 1
github.com/zoobzio/flume/loader.go:58.3,58.66 1 1
github.com/zoobzio/flume/loader.go:59.10,60.61 1 1
github.com/zoobzio/flume/loader.go:63.2,63.24 1 1
github.com/zoobzio/flume/loader.go:67.79,69.65 2 1
github.com/zoobzio/flume/loader.go:69.65,73.3 2 1
github.com/zoobzio/flume/loader.go:74.2,75.26 2 1
github.com/zoobzio/flume/loader.go:75.26,77.3 1 1
github.com/zoobzio/flume/loader.go:78.2,79.24 2 1
github.com/zoobzio/flume/loader.go:83.79,85.65 2 1
github.com/zoobzio/flume/loader.go:85.65,89.3 2 1
github.com/zoobzio/flume/loader.go:90.2,91.26 2 1
github.com/zoobzio/flume/loader.go:91.26,93.3 1 1
github.com/zoobzio/flume/loader.go:94.2,95.24 2 1
github.com/zoobzio/flume/spec.go:199.41,211.37 4 1
github.com/zoobzio/flume/spec.go:211.37,217.3 1 1
github.com/zoobzio/flume/spec.go:218.2,220.37 2 1
github.com/zoobzio/flume/spec.go:220.37,225.3 1 1
github.com/zoobzio/flume/spec.go:226.2,228.37 2 1
github.com/zoobzio/flume/spec.go:228.37,234.3 1 1
github.com/zoobzio/flume/spec.go:235.2,237.31 2 1
github.com/zoobzio/flume/spec.go:237.31,241.3 1 1
github.com/zoobzio/flume/spec.go:242.2,244.13 2 1
github.com/zoobzio/flume/spec.go:249.49,252.16 3 1
github.com/zoobzio/flume/spec.go:252.16,254.3 1 0
github.com/zoobzio/flume/spec.go:255.2,255.26 1 1
github.com/zoobzio/flume/spec.go:258.40,259.36 1 1
github.com/zoobzio/flume/spec.go:259.36,259.68 1 1
github.com/zoobzio/flume/spec.go:262.40,263.36 1 1
github.com/zoobzio/flume/spec.go:263.36,263.68 1 1
github.com/zoobzio/flume/spec.go:266.40,267.36 1 1
github.com/zoobzio/flume/spec.go:267.36,267.68 1 0
github.com/zoobzio/flume/spec.go:270.36,271.36 1 1
github.com/zoobzio/flume/spec.go:271.36,271.68 1 1
github.com/zoobzio/flume/validation.go:19.41,20.22 1 1
github.com/zoobzio/flume/validation.go:20.22,22.3 1 0
github.com/zoobzio/flume/validation.go:23.2,23.68 1 1
github.com/zoobzio/flume/validation.go:29.42,30.17 1 1
github.com/zoobzio/flume/validation.go:30.17,32.3 1 0
github.com/zoobzio/flume/validation.go:33.2,33.17 1 1
github.com/zoobzio/flume/validation.go:33.17,35.3 1 1
github.com/zoobzio/flume/validation.go:37.2,39.24 3 1
github.com/zoobzio/flume/validation.go:39.24,41.3 1 1
github.com/zoobzio/flume/validation.go:42.2,42.20 1 1
github.com/zoobzio/flume/validation.go:47.58,57.22 7 1
github.com/zoobzio/flume/validation.go:57.22,61.3 2 1
github.com/zoobzio/flume/validation.go:63.2,66.15 2 1
github.com/zoobzio/flume/validation.go:70.88,72.2 1 1
github.com/zoobzio/flume/validation.go:77.63,79.28 2 1
github.com/zoobzio/flume/validation.go:79.28,81.3 1 1
github.com/zoobzio/flume/validation.go:82.2,82.15 1 1
github.com/zoobzio/flume/validation.go:86.128,88.60 1 1
github.com/zoobzio/flume/validation.go:88.60,94.3 2 1
github.com/zoobzio/flume/validation.go:97.2,97.39 1 1
github.com/zoobzio/flume/validation.go:97.39,103.3 2 1
github.com/zoobzio/flume/validation.go:106.2,106.23 1 1
github.com/zoobzio/flume/validation.go:106.23,109.3 2 1
github.com/zoobzio/flume/validation.go:112.2,112.20 1 1
github.com/zoobzio/flume/validation.go:112.20,114.28 1 1
github.com/zoobzio/flume/validation.go:114.28,120.4 2 1
github.com/zoobzio/flume/validation.go:122.3,122.62 1 1
github.com/zoobzio/flume/validation.go:122.62,127.4 1 1
github.com/zoobzio/flume/validation.go:130.3,131.9 2 1
github.com/zoobzio/flume/validation.go:135.2,135.19 1 1
github.com/zoobzio/flume/validation.go:136.18,137.54 1 1
github.com/zoobzio/flume/validation.go:138.20,139.56 1 1
github.com/zoobzio/flume/validation.go:140.14,141.50 1 1
github.com/zoobzio/flume/validation.go:142.18,143.54 1 1
github.com/zoobzio/flume/validation.go:144.15,145.51 1 1
github.com/zoobzio/flume/validation.go:146.17,147.53 1 1
github.com/zoobzio/flume/validation.go:148.16,149.52 1 1
github.com/zoobzio/flume/validation.go:150.16,151.52 1 1
github.com/zoobzio/flume/validation.go:152.25,153.60 1 1
github.com/zoobzio/flume/validation.go:154.20,155.55 1 1
github.com/zoobzio/flume/validation.go:156.17,157.53 1 1
github.com/zoobzio/flume/validation.go:158.16,159.52 1 1
github.com/zoobzio/flume/validation.go:160.18,161.54 1 1
github.com/zoobzio/flume/validation.go:162.21,163.56 1 1
github.com/zoobzio/flume/validation.go:164.10,166.24 1 1
github.com/zoobzio/flume/validation.go:166.24,168.4 1 0
github.com/zoobzio/flume/validation.go:168.9,173.4 1 1
github.com/zoobzio/flume/validation.go:178.121,179.29 1 1
github.com/zoobzio/flume/validation.go:179.29,185.3 2 1
github.com/zoobzio/flume/validation.go:188.2,188.31 1 1
github.com/zoobzio/flume/validation.go:188.31,191.3 2 1
github.com/zoobzio/flume/validation.go:195.123,196.29 1 1
github.com/zoobzio/flume/validation.go:196.29,202.3 2 1
github.com/zoobzio/flume/validation.go:205.2,205.24 1 1
github.com/zoobzio/flume/validation.go:205.24,206.64 1 1
github.com/zoobzio/flume/validation.go:206.64,211.4 1 1
github.com/zoobzio/flume/validation.go:215.2,215.31 1 1
github.com/zoobzio/flume/validation.go:215.31,218.3 2 1
github.com/zoobzio/flume/validation.go:222.117,223.29 1 1
github.com/zoobzio/flume/validation.go:223.29,229.3 2 1
github.com/zoobzio/flume/validation.go:232.2,232.31 1 1
github.com/zoobzio/flume/validation.go:232.31,235.3 2 1
github.com/zoobzio/flume/validation.go:239.121,240.29 1 1
github.com/zoobzio/flume/validation.go:240.29,246.3 2 1
github.com/zoobzio/flume/validation.go:251.2,257.28 5 1
github.com/zoobzio/flume/validation.go:257.28,262.3 4 1
github.com/zoobzio/flume/validation.go:266.118,267.23 1 1
github.com/zoobzio/flume/validation.go:267.23,273.3 2 1
github.com/zoobzio/flume/validation.go:276.2,276.23 1 1
github.com/zoobzio/flume/validation.go:276.23,281.3 1 1
github.com/zoobzio/flume/validation.go:284.2,284.24 1 1
github.com/zoobzio/flume/validation.go:284.24,285.61 1 1
github.com/zoobzio/flume/validation.go:285.61,290.4 1 1
github.com/zoobzio/flume/validation.go:294.2,295.71 2 1
github.com/zoobzio/flume/validation.go:299.120,300.23 1 1
github.com/zoobzio/flume/validation.go:300.23,306.3 2 1
github.com/zoobzio/flume/validation.go:309.2,309.25 1 1
github.com/zoobzio/flume/validation.go:309.25,310.62 1 1
github.com/zoobzio/flume/validation.go:310.62,315.4 1 1
github.com/zoobzio/flume/validation.go:319.2,320.71 2 1
github.com/zoobzio/flume/validation.go:324.119,326.26 1 1
github.com/zoobzio/flume/validation.go:326.26,331.3 1 1
github.com/zoobzio/flume/validation.go:331.8,331.74 1 1
github.com/zoobzio/flume/validation.go:331.74,336.3 1 1
github.com/zoobzio/flume/validation.go:340.2,340.22 1 1
github.com/zoobzio/flume/validation.go:340.22,345.3 1 1
github.com/zoobzio/flume/validation.go:345.8,349.3 3 1
github.com/zoobzio/flume/validation.go:352.2,352.22 1 1
github.com/zoobzio/flume/validation.go:352.22,356.3 3 1
github.com/zoobzio/flume/validation.go:360.119,362.26 1 1
github.com/zoobzio/flume/validation.go:362.26,367.3 1 1
github.com/zoobzio/flume/validation.go:367.8,367.74 1 1
github.com/zoobzio/flume/validation.go:367.74,372.3 1 1
github.com/zoobzio/flume/validation.go:375.2,375.27 1 1
github.com/zoobzio/flume/validation.go:375.27,380.3 1 1
github.com/zoobzio/flume/validation.go:380.8,384.32 1 1
github.com/zoobzio/flume/validation.go:384.32,389.4 4 1
github.com/zoobzio/flume/validation.go:393.2,393.25 1 1
github.com/zoobzio/flume/validation.go:393.25,397.3 3 1
github.com/zoobzio/flume/validation.go:401.127,402.23 1 1
github.com/zoobzio/flume/validation.go:402.23,408.3 2 1
github.com/zoobzio/flume/validation.go:411.2,411.32 1 1
github.com/zoobzio/flume/validation.go:411.32,412.69 1 1
github.com/zoobzio/flume/validation.go:412.69,417.4 1 1
github.com/zoobzio/flume/validation.go:421.2,422.71 2 1
github.com/zoobzio/flume/validation.go:426.122,427.23 1 1
github.com/zoobzio/flume/validation.go:427.23,433.3 2 1
github.com/zoobzio/flume/validation.go:436.2,436.32 1 1
github.com/zoobzio/flume/validation.go:436.32,441.3 1 0
github.com/zoobzio/flume/validation.go:444.2,444.24 1 1
github.com/zoobzio/flume/validation.go:444.24,449.3 1 0
github.com/zoobzio/flume/validation.go:452.2,453.71 2 1
github.com/zoobzio/flume/validation.go:457.119,459.23 1 1
github.com/zoobzio/flume/validation.go:459.23,465.3 2 0
github.com/zoobzio/flume/validation.go:468.2,468.32 1 1
github.com/zoobzio/flume/validation.go:468.32,473.3 1 1
github.com/zoobzio/flume/validation.go:476.2,476.49 1 1
github.com/zoobzio/flume/validation.go:476.49,481.3 1 0
github.com/zoobzio/flume/validation.go:484.2,484.23 1 1
github.com/zoobzio/flume/validation.go:484.23,487.3 2 1
github.com/zoobzio/flume/validation.go:489.2,489.31 1 1
github.com/zoobzio/flume/validation.go:489.31,492.3 2 1
github.com/zoobzio/flume/validation.go:495.2,495.39 1 1
github.com/zoobzio/flume/validation.go:495.39,500.3 1 1
github.com/zoobzio/flume/validation.go:504.120,506.26 1 1
github.com/zoobzio/flume/validation.go:506.26,511.3 1 1
github.com/zoobzio/flume/validation.go:511.8,511.74 1 1
github.com/zoobzio/flume/validation.go:511.74,516.3 1 1
github.com/zoobzio/flume/validation.go:519.2,519.29 1 1
github.com/zoobzio/flume/validation.go:519.29,525.3 2 1
github.com/zoobzio/flume/validation.go:528.2,528.31 1 1
github.com/zoobzio/flume/validation.go:528.31,532.3 3 1
github.com/zoobzio/flume/validation.go:536.119,537.23 1 1
github.com/zoobzio/flume/validation.go:537.23,543.3 2 1
github.com/zoobzio/flume/validation.go:546.2,546.29 1 1
github.com/zoobzio/flume/validation.go:546.29,551.3 1 1
github.com/zoobzio/flume/validation.go:551.8,551.80 1 1
github.com/zoobzio/flume/validation.go:551.80,556.3 1 1
github.com/zoobzio/flume/validation.go:559.2,560.71 2 1
github.com/zoobzio/flume/validation.go:564.121,565.29 1 1
github.com/zoobzio/flume/validation.go:565.29,571.3 2 1
github.com/zoobzio/flume/validation.go:574.2,574.31 1 1
github.com/zoobzio/flume/validation.go:574.31,577.3 2 1
github.com/zoobzio/flume/validation.go:581.123,582.29 1 1
github.com/zoobzio/flume/validation.go:582.29,588.3 2 1
github.com/zoobzio/flume/validation.go:591.2,591.22 1 1
github.com/zoobzio/flume/validation.go:591.22,596.3 1 0
github.com/zoobzio/flume/validation.go:599.2,599.31 1 1
github.com/zoobzio/flume/validation.go:599.31,602.3 2 1
github.com/zoobzio/flume/testing/helpers.go:53.36,58.31 4 1
github.com/zoobzio/flume/testing/helpers.go:58.31,60.3 1 1
github.com/zoobzio/flume/testing/helpers.go:62.2,68.3 1 1
github.com/zoobzio/flume/testing/helpers.go:80.69,86.2 1 1
github.com/zoobzio/flume/testing/helpers.go:89.92,95.88 5 1
github.com/zoobzio/flume/testing/helpers.go:95.88,98.3 2 1
github.com/zoobzio/flume/testing/helpers.go:99.2,99.26 1 1
github.com/zoobzio/flume/testing/helpers.go:103.83,109.83 5 1
github.com/zoobzio/flume/testing/helpers.go:109.83,112.3 2 1
github.com/zoobzio/flume/testing/helpers.go:113.2,113.26 1 1
github.com/zoobzio/flume/testing/helpers.go:117.84,123.84 5 1
github.com/zoobzio/flume/testing/helpers.go:123.84,126.3 2 1
github.com/zoobzio/flume/testing/helpers.go:127.2,127.26 1 1
github.com/zoobzio/flume/testing/helpers.go:131.55,135.58 3 1
github.com/zoobzio/flume/testing/helpers.go:135.58,137.3 1 1
github.com/zoobzio/flume/testing/helpers.go:138.2,138.10 1 1
github.com/zoobzio/flume/testing/helpers.go:142.40,146.43 3 1
github.com/zoobzio/flume/testing/helpers.go:146.43,148.3 1 1
github.com/zoobzio/flume/testing/helpers.go:152.52,154.28 2 1
github.com/zoobzio/flume/testing/helpers.go:154.28,156.3 1 1
github.com/zoobzio/flume/testing/helpers.go:160.55,162.43 2 1
github.com/zoobzio/flume/testing/helpers.go:162.43,164.3 1 0
github.com/zoobzio/flume/testing/helpers.go:168.71,171.24 3 1
github.com/zoobzio/flume/testing/helpers.go:171.24,173.3 1 0
github.com/zoobzio/flume/testing/helpers.go:183.40,188.2 1 1
github.com/zoobzio/flume/testing/helpers.go:191.58,194.2 2 1
github.com/zoobzio/flume/testing/helpers.go:197.57,200.2 2 1
github.com/zoobzio/flume/testing/helpers.go:203.51,208.2 4 1
github.com/zoobzio/flume/testing/helpers.go:211.53,216.2 4 1
github.com/zoobzio/flume/testing/helpers.go:219.59,222.2 2 1
github.com/zoobzio/flume/testing/helpers.go:225.74,231.2 5 1
github.com/zoobzio/flume/testing/helpers.go:234.77,240.2 5 1
github.com/zoobzio/flume/testing/helpers.go:243.82,249.2 5 1
github.com/zoobzio/flume/testing/helpers.go:252.81,258.2 5 1
github.com/zoobzio/flume/testing/helpers.go:261.67,264.2 2 1
github.com/zoobzio/flume/testing/helpers.go:267.46,268.17 1 1
github.com/zoobzio/flume/testing/helpers.go:268.17,270.3 1 1
github.com/zoobzio/flume/testing/helpers.go:271.2,271.10 1 1
github.com/zoobzio/flume/testing/helpers.go:275.40,277.2 1 1
github.com/zoobzio/flume/testing/helpers.go:279.41,281.2 1 1
github.com/zoobzio/flume/testing/helpers.go:304.61,309.2 1 1
github.com/zoobzio/flume/testing/helpers.go:312.75,318.2 5 1
github.com/zoobzio/flume/testing/helpers.go:321.73,326.2 4 1
github.com/zoobzio/flume/testing/helpers.go:329.68,334.2 4 1
github.com/zoobzio/flume/testing/helpers.go:337.45,339.2 1 1
github.com/zoobzio/flume/testing/helpers.go:342.76,346.22 3 1
github.com/zoobzio/flume/testing/helpers.go:346.22,353.40 3 1
github.com/zoobzio/flume/testing/helpers.go:353.40,355.4 1 1
github.com/zoobzio/flume/testing/helpers.go:358.2,364.20 6 1
github.com/zoobzio/flume/testing/helpers.go:364.20,365.18 1 1
github.com/zoobzio/flume/testing/helpers.go:368.2,368.15 1 1
github.com/zoobzio/flume/testing/helpers.go:368.15,369.10 1 1
github.com/zoobzio/flume/testing/helpers.go:370.28,370.28 0 1
github.com/zoobzio/flume/testing/helpers.go:371.21,372.26 1 1
github.com/zoobzio/flume/testing/helpers.go:376.2,376.29 1 1
github.com/zoobzio/flume/testing/helpers.go:380.44,382.2 1 1
github.com/zoobzio/flume/testing/helpers.go:385.36,390.2 4 1
github.com/zoobzio/flume/testing/helpers.go:398.65,402.2 1 1
github.com/zoobzio/flume/testing/helpers.go:405.58,407.2 1 1
github.com/zoobzio/flume/testing/helpers.go:410.60,411.25 1 1
github.com/zoobzio/flume/testing/helpers.go:411.25,413.71 2 1
github.com/zoobzio/flume/testing/helpers.go:413.71,415.4 1 1
github.com/zoobzio/flume/testing/helpers.go:416.3,416.27 1 1
github.com/zoobzio/flume/testing/helpers.go:421.65,424.25 3 1
github.com/zoobzio/flume/testing/helpers.go:424.25,426.3 1 1
github.com/zoobzio/flume/testing/helpers.go:427.2,427.20 1 1
github.com/zoobzio/flume/testing/helpers.go:431.67,432.16 1 1
github.com/zoobzio/flume/testing/helpers.go:432.16,434.3 1 1
github.com/zoobzio/flume/testing/helpers.go:436.2,437.29 2 1
github.com/zoobzio/flume/testing/helpers.go:437.29,444.18 7 1
github.com/zoobzio/flume/testing/helpers.go:444.18,447.4 2 1
github.com/zoobzio/flume/testing/helpers.go:449.2,449.20 1 1
github.com/zoobzio/flume/testing/helpers.go:453.46,457.2 3 1
github.com/zoobzio/flume/testing/helpers.go:460.70,464.2 3 1
github.com/zoobzio/flume/testing/helpers.go:467.72,473.34 4 1
github.com/zoobzio/flume/testing/helpers.go:473.34,474.19 1 1
github.com/zoobzio/flume/testing/helpers.go:474.19,477.4 2 1
github.com/zoobzio/flume/testing/helpers.go:480.2,480.11 1 1
github.com/zoobzio/flume/testing/helpers.go:484.74,486.34 2 1
github.com/zoobzio/flume/testing/helpers.go:486.34,487.18 1 1
github.com/zoobzio/flume/testing/helpers.go:487.18,489.4 1 1
github.com/zoobzio/flume/testing/helpers.go:490.3,490.36 1 1
github.com/zoobzio/flume/testing/helpers.go:492.2,492.14 1 1
