mode: set
github.com/zoobzio/flume/builders.go:24.75,25.29 1 1
github.com/zoobzio/flume/builders.go:25.29,27.3 1 0
github.com/zoobzio/flume/builders.go:29.2,30.31 2 1
github.com/zoobzio/flume/builders.go:30.31,32.17 2 1
github.com/zoobzio/flume/builders.go:32.17,34.4 1 0
github.com/zoobzio/flume/builders.go:35.3,35.41 1 1
github.com/zoobzio/flume/builders.go:38.2,39.16 2 1
github.com/zoobzio/flume/builders.go:39.16,41.3 1 1
github.com/zoobzio/flume/builders.go:43.2,43.60 1 1
github.com/zoobzio/flume/builders.go:47.77,48.29 1 1
github.com/zoobzio/flume/builders.go:48.29,50.3 1 0
github.com/zoobzio/flume/builders.go:52.2,53.31 2 1
github.com/zoobzio/flume/builders.go:53.31,55.17 2 1
github.com/zoobzio/flume/builders.go:55.17,57.4 1 0
github.com/zoobzio/flume/builders.go:58.3,58.41 1 1
github.com/zoobzio/flume/builders.go:61.2,62.16 2 1
github.com/zoobzio/flume/builders.go:62.16,64.3 1 1
github.com/zoobzio/flume/builders.go:66.2,66.65 1 1
github.com/zoobzio/flume/builders.go:70.71,71.29 1 1
github.com/zoobzio/flume/builders.go:71.29,73.3 1 0
github.com/zoobzio/flume/builders.go:75.2,76.31 2 1
github.com/zoobzio/flume/builders.go:76.31,78.17 2 1
github.com/zoobzio/flume/builders.go:78.17,80.4 1 0
github.com/zoobzio/flume/builders.go:81.3,81.41 1 1
github.com/zoobzio/flume/builders.go:84.2,85.16 2 1
github.com/zoobzio/flume/builders.go:85.16,87.3 1 1
github.com/zoobzio/flume/builders.go:89.2,89.59 1 1
github.com/zoobzio/flume/builders.go:93.75,94.29 1 1
github.com/zoobzio/flume/builders.go:94.29,96.3 1 0
github.com/zoobzio/flume/builders.go:98.2,99.16 2 1
github.com/zoobzio/flume/builders.go:99.16,101.3 1 0
github.com/zoobzio/flume/builders.go:103.2,104.16 2 1
github.com/zoobzio/flume/builders.go:104.16,106.3 1 0
github.com/zoobzio/flume/builders.go:108.2,109.16 2 1
github.com/zoobzio/flume/builders.go:109.16,111.3 1 1
github.com/zoobzio/flume/builders.go:113.2,113.66 1 1
github.com/zoobzio/flume/builders.go:117.72,118.23 1 1
github.com/zoobzio/flume/builders.go:118.23,120.3 1 0
github.com/zoobzio/flume/builders.go:122.2,123.16 2 1
github.com/zoobzio/flume/builders.go:123.16,125.3 1 0
github.com/zoobzio/flume/builders.go:127.2,128.16 2 1
github.com/zoobzio/flume/builders.go:128.16,129.25 1 1
github.com/zoobzio/flume/builders.go:129.25,131.4 1 1
github.com/zoobzio/flume/builders.go:131.9,133.4 1 1
github.com/zoobzio/flume/builders.go:137.2,137.24 1 1
github.com/zoobzio/flume/builders.go:137.24,140.17 2 1
github.com/zoobzio/flume/builders.go:140.17,142.4 1 0
github.com/zoobzio/flume/builders.go:145.3,146.20 2 1
github.com/zoobzio/flume/builders.go:146.20,148.4 1 0
github.com/zoobzio/flume/builders.go:150.3,150.73 1 1
github.com/zoobzio/flume/builders.go:154.2,155.19 2 1
github.com/zoobzio/flume/builders.go:155.19,157.3 1 1
github.com/zoobzio/flume/builders.go:159.2,159.61 1 1
github.com/zoobzio/flume/builders.go:163.74,164.23 1 1
github.com/zoobzio/flume/builders.go:164.23,166.3 1 0
github.com/zoobzio/flume/builders.go:168.2,169.16 2 1
github.com/zoobzio/flume/builders.go:169.16,171.3 1 0
github.com/zoobzio/flume/builders.go:173.2,174.16 2 1
github.com/zoobzio/flume/builders.go:174.16,176.3 1 1
github.com/zoobzio/flume/builders.go:179.2,180.25 2 1
github.com/zoobzio/flume/builders.go:180.25,182.17 2 1
github.com/zoobzio/flume/builders.go:182.17,184.4 1 0
github.com/zoobzio/flume/builders.go:185.3,185.20 1 1
github.com/zoobzio/flume/builders.go:188.2,188.63 1 1
github.com/zoobzio/flume/builders.go:192.73,193.26 1 1
github.com/zoobzio/flume/builders.go:193.26,195.3 1 0
github.com/zoobzio/flume/builders.go:196.2,196.22 1 1
github.com/zoobzio/flume/builders.go:196.22,198.3 1 0
github.com/zoobzio/flume/builders.go:200.2,201.13 2 1
github.com/zoobzio/flume/builders.go:201.13,203.3 1 0
github.com/zoobzio/flume/builders.go:205.2,206.16 2 1
github.com/zoobzio/flume/builders.go:206.16,208.3 1 0
github.com/zoobzio/flume/builders.go:210.2,211.16 2 1
github.com/zoobzio/flume/builders.go:211.16,213.3 1 1
github.com/zoobzio/flume/builders.go:216.2,216.22 1 1
github.com/zoobzio/flume/builders.go:216.22,218.3 1 1
github.com/zoobzio/flume/builders.go:221.2,222.16 2 1
github.com/zoobzio/flume/builders.go:222.16,224.3 1 0
github.com/zoobzio/flume/builders.go:227.2,227.82 1 1
github.com/zoobzio/flume/builders.go:227.82,228.27 1 1
github.com/zoobzio/flume/builders.go:228.27,230.4 1 1
github.com/zoobzio/flume/builders.go:231.3,231.39 1 1
github.com/zoobzio/flume/builders.go:236.73,237.26 1 1
github.com/zoobzio/flume/builders.go:237.26,239.3 1 0
github.com/zoobzio/flume/builders.go:240.2,240.27 1 1
github.com/zoobzio/flume/builders.go:240.27,242.3 1 0
github.com/zoobzio/flume/builders.go:244.2,245.13 2 1
github.com/zoobzio/flume/builders.go:245.13,247.3 1 0
github.com/zoobzio/flume/builders.go:249.2,250.16 2 1
github.com/zoobzio/flume/builders.go:250.16,252.3 1 1
github.com/zoobzio/flume/builders.go:255.2,256.31 2 1
github.com/zoobzio/flume/builders.go:256.31,259.17 3 1
github.com/zoobzio/flume/builders.go:259.17,261.4 1 0
github.com/zoobzio/flume/builders.go:262.3,262.22 1 1
github.com/zoobzio/flume/builders.go:266.2,267.33 2 1
github.com/zoobzio/flume/builders.go:267.33,269.3 1 1
github.com/zoobzio/flume/builders.go:272.2,272.25 1 1
github.com/zoobzio/flume/builders.go:272.25,276.17 2 1
github.com/zoobzio/flume/builders.go:276.17,278.4 1 0
github.com/zoobzio/flume/builders.go:279.3,279.39 1 1
github.com/zoobzio/flume/builders.go:282.2,282.16 1 1
github.com/zoobzio/flume/builders.go:286.81,287.23 1 1
github.com/zoobzio/flume/builders.go:287.23,289.3 1 0
github.com/zoobzio/flume/builders.go:291.2,292.16 2 1
github.com/zoobzio/flume/builders.go:292.16,294.3 1 0
github.com/zoobzio/flume/builders.go:296.2,297.16 2 1
github.com/zoobzio/flume/builders.go:297.16,299.3 1 1
github.com/zoobzio/flume/builders.go:302.2,303.27 2 1
github.com/zoobzio/flume/builders.go:303.27,305.3 1 1
github.com/zoobzio/flume/builders.go:308.2,309.32 2 1
github.com/zoobzio/flume/builders.go:309.32,311.17 2 1
github.com/zoobzio/flume/builders.go:311.17,313.4 1 0
github.com/zoobzio/flume/builders.go:314.3,314.27 1 1
github.com/zoobzio/flume/builders.go:317.2,317.84 1 1
github.com/zoobzio/flume/builders.go:321.76,322.23 1 1
github.com/zoobzio/flume/builders.go:322.23,324.3 1 0
github.com/zoobzio/flume/builders.go:326.2,327.16 2 1
github.com/zoobzio/flume/builders.go:327.16,329.3 1 0
github.com/zoobzio/flume/builders.go:331.2,332.16 2 1
github.com/zoobzio/flume/builders.go:332.16,334.3 1 1
github.com/zoobzio/flume/builders.go:337.2,338.28 2 1
github.com/zoobzio/flume/builders.go:338.28,340.3 1 1
github.com/zoobzio/flume/builders.go:343.2,344.20 2 1
github.com/zoobzio/flume/builders.go:344.20,346.3 1 1
github.com/zoobzio/flume/builders.go:349.2,351.22 3 1
github.com/zoobzio/flume/builders.go:355.73,356.23 1 1
github.com/zoobzio/flume/builders.go:356.23,358.3 1 1
github.com/zoobzio/flume/builders.go:360.2,361.13 2 1
github.com/zoobzio/flume/builders.go:361.13,363.3 1 1
github.com/zoobzio/flume/builders.go:365.2,365.44 1 1
github.com/zoobzio/flume/factory.go:45.42,59.2 3 1
github.com/zoobzio/flume/factory.go:62.59,66.39 3 1
github.com/zoobzio/flume/factory.go:66.39,71.3 2 1
github.com/zoobzio/flume/factory.go:75.63,79.31 3 1
github.com/zoobzio/flume/factory.go:79.31,84.3 2 1
github.com/zoobzio/flume/factory.go:88.63,92.31 3 1
github.com/zoobzio/flume/factory.go:92.31,97.3 2 1
github.com/zoobzio/flume/factory.go:101.70,106.26 3 1
github.com/zoobzio/flume/factory.go:106.26,108.3 1 1
github.com/zoobzio/flume/factory.go:109.2,112.49 2 1
github.com/zoobzio/flume/factory.go:112.49,117.27 2 1
github.com/zoobzio/flume/factory.go:117.27,119.4 1 0
github.com/zoobzio/flume/factory.go:120.3,121.18 2 1
github.com/zoobzio/flume/factory.go:124.2,128.16 4 1
github.com/zoobzio/flume/factory.go:128.16,133.27 2 0
github.com/zoobzio/flume/factory.go:133.27,135.4 1 0
github.com/zoobzio/flume/factory.go:136.3,137.18 2 0
github.com/zoobzio/flume/factory.go:140.2,143.26 2 1
github.com/zoobzio/flume/factory.go:143.26,145.3 1 1
github.com/zoobzio/flume/factory.go:146.2,147.22 2 1
github.com/zoobzio/flume/factory.go:151.71,153.20 1 1
github.com/zoobzio/flume/factory.go:153.20,155.14 2 1
github.com/zoobzio/flume/factory.go:155.14,157.4 1 0
github.com/zoobzio/flume/factory.go:158.3,158.24 1 1
github.com/zoobzio/flume/factory.go:162.2,162.19 1 1
github.com/zoobzio/flume/factory.go:163.18,164.31 1 1
github.com/zoobzio/flume/factory.go:165.32,166.33 1 1
github.com/zoobzio/flume/factory.go:167.14,168.27 1 1
github.com/zoobzio/flume/factory.go:169.18,170.31 1 1
github.com/zoobzio/flume/factory.go:171.15,172.28 1 1
github.com/zoobzio/flume/factory.go:173.17,174.30 1 1
github.com/zoobzio/flume/factory.go:175.16,176.29 1 1
github.com/zoobzio/flume/factory.go:177.16,178.29 1 1
github.com/zoobzio/flume/factory.go:179.25,180.37 1 1
github.com/zoobzio/flume/factory.go:181.20,182.32 1 1
github.com/zoobzio/flume/factory.go:183.10,185.24 1 1
github.com/zoobzio/flume/factory.go:185.24,187.4 1 1
github.com/zoobzio/flume/factory.go:188.3,188.61 1 0
github.com/zoobzio/flume/factory.go:193.66,195.49 1 1
github.com/zoobzio/flume/factory.go:195.49,197.3 1 0
github.com/zoobzio/flume/factory.go:199.2,200.16 2 1
github.com/zoobzio/flume/factory.go:200.16,202.3 1 0
github.com/zoobzio/flume/factory.go:204.2,212.46 6 1
github.com/zoobzio/flume/factory.go:212.46,214.3 1 1
github.com/zoobzio/flume/factory.go:214.8,218.3 3 1
github.com/zoobzio/flume/factory.go:220.2,220.14 1 1
github.com/zoobzio/flume/factory.go:220.14,224.30 2 1
github.com/zoobzio/flume/factory.go:224.30,226.4 1 1
github.com/zoobzio/flume/factory.go:227.3,227.27 1 1
github.com/zoobzio/flume/factory.go:227.27,229.4 1 1
github.com/zoobzio/flume/factory.go:230.3,230.56 1 1
github.com/zoobzio/flume/factory.go:231.8,235.27 2 1
github.com/zoobzio/flume/factory.go:235.27,237.4 1 1
github.com/zoobzio/flume/factory.go:238.3,238.62 1 1
github.com/zoobzio/flume/factory.go:240.2,240.12 1 1
github.com/zoobzio/flume/factory.go:245.70,250.16 4 1
github.com/zoobzio/flume/factory.go:250.16,255.3 2 1
github.com/zoobzio/flume/factory.go:257.2,260.26 2 1
github.com/zoobzio/flume/factory.go:265.60,269.47 3 1
github.com/zoobzio/flume/factory.go:269.47,271.3 1 1
github.com/zoobzio/flume/factory.go:272.2,272.24 1 1
github.com/zoobzio/flume/factory.go:277.53,281.43 3 1
github.com/zoobzio/flume/factory.go:281.43,283.3 1 1
github.com/zoobzio/flume/factory.go:285.2,290.13 4 1
github.com/zoobzio/flume/factory.go:294.45,299.30 4 1
github.com/zoobzio/flume/factory.go:299.30,301.3 1 1
github.com/zoobzio/flume/factory.go:302.2,302.14 1 1
github.com/zoobzio/flume/factory.go:306.56,311.2 4 1
github.com/zoobzio/flume/factory.go:314.56,319.2 4 1
github.com/zoobzio/flume/factory.go:322.56,327.2 4 1
github.com/zoobzio/flume/factory.go:330.51,335.33 4 1
github.com/zoobzio/flume/factory.go:335.33,337.3 1 1
github.com/zoobzio/flume/factory.go:338.2,338.14 1 1
github.com/zoobzio/flume/factory.go:342.51,347.33 4 1
github.com/zoobzio/flume/factory.go:347.33,349.3 1 1
github.com/zoobzio/flume/factory.go:350.2,350.14 1 1
github.com/zoobzio/flume/factory.go:354.51,359.33 4 1
github.com/zoobzio/flume/factory.go:359.33,361.3 1 1
github.com/zoobzio/flume/factory.go:362.2,362.14 1 1
github.com/zoobzio/flume/factory.go:367.53,372.29 4 1
github.com/zoobzio/flume/factory.go:372.29,373.46 1 1
github.com/zoobzio/flume/factory.go:373.46,379.4 3 1
github.com/zoobzio/flume/factory.go:381.2,381.16 1 1
github.com/zoobzio/flume/factory.go:386.63,394.2 4 1
github.com/zoobzio/flume/factory.go:397.63,403.2 4 1
github.com/zoobzio/flume/factory.go:406.50,412.2 4 1
github.com/zoobzio/flume/factory.go:415.45,420.30 4 1
github.com/zoobzio/flume/factory.go:420.30,422.3 1 1
github.com/zoobzio/flume/factory.go:423.2,423.14 1 1
github.com/zoobzio/flume/factory.go:427.53,431.42 3 1
github.com/zoobzio/flume/factory.go:431.42,437.3 3 1
github.com/zoobzio/flume/factory.go:438.2,438.14 1 1
github.com/zoobzio/flume/factory.go:443.62,448.29 4 1
github.com/zoobzio/flume/factory.go:448.29,449.46 1 1
github.com/zoobzio/flume/factory.go:449.46,455.4 3 1
github.com/zoobzio/flume/factory.go:457.2,457.16 1 1
github.com/zoobzio/flume/factory.go:462.62,467.29 4 1
github.com/zoobzio/flume/factory.go:467.29,468.46 1 1
github.com/zoobzio/flume/factory.go:468.46,474.4 3 1
github.com/zoobzio/flume/factory.go:476.2,476.16 1 1
github.com/zoobzio/flume/loader.go:17.76,19.16 2 1
github.com/zoobzio/flume/loader.go:19.16,24.3 2 1
github.com/zoobzio/flume/loader.go:26.2,33.13 4 1
github.com/zoobzio/flume/loader.go:34.15,35.55 1 1
github.com/zoobzio/flume/loader.go:35.55,40.4 2 1
github.com/zoobzio/flume/loader.go:41.3,42.27 2 1
github.com/zoobzio/flume/loader.go:42.27,44.4 1 1
github.com/zoobzio/flume/loader.go:45.3,45.66 1 1
github.com/zoobzio/flume/loader.go:46.23,47.55 1 1
github.com/zoobzio/flume/loader.go:47.55,52.4 2 1
github.com/zoobzio/flume/loader.go:53.3,54.27 2 1
github.com/zoobzio/flume/loader.go:54.27,56.4 1 1
github.com/zoobzio/flume/loader.go:57.3,57.66 1 1
github.com/zoobzio/flume/loader.go:58.10,59.61 1 1
github.com/zoobzio/flume/loader.go:62.2,62.24 1 1
github.com/zoobzio/flume/loader.go:66.79,68.65 2 1
github.com/zoobzio/flume/loader.go:68.65,72.3 2 1
github.com/zoobzio/flume/loader.go:73.2,74.26 2 1
github.com/zoobzio/flume/loader.go:74.26,76.3 1 1
github.com/zoobzio/flume/loader.go:77.2,78.24 2 1
github.com/zoobzio/flume/loader.go:82.79,84.65 2 1
github.com/zoobzio/flume/loader.go:84.65,88.3 2 1
github.com/zoobzio/flume/loader.go:89.2,90.26 2 1
github.com/zoobzio/flume/loader.go:90.26,92.3 1 1
github.com/zoobzio/flume/loader.go:93.2,94.24 2 1
github.com/zoobzio/flume/stream.go:30.72,35.2 1 1
github.com/zoobzio/flume/stream.go:39.80,40.50 1 1
github.com/zoobzio/flume/stream.go:40.50,42.3 1 1
github.com/zoobzio/flume/stream.go:43.2,43.19 1 1
github.com/zoobzio/flume/stream.go:47.48,49.2 1 1
github.com/zoobzio/flume/validation.go:18.41,19.22 1 1
github.com/zoobzio/flume/validation.go:19.22,21.3 1 0
github.com/zoobzio/flume/validation.go:22.2,22.68 1 1
github.com/zoobzio/flume/validation.go:28.42,29.17 1 1
github.com/zoobzio/flume/validation.go:29.17,31.3 1 0
github.com/zoobzio/flume/validation.go:32.2,32.17 1 1
github.com/zoobzio/flume/validation.go:32.17,34.3 1 1
github.com/zoobzio/flume/validation.go:36.2,38.24 3 1
github.com/zoobzio/flume/validation.go:38.24,40.3 1 1
github.com/zoobzio/flume/validation.go:41.2,41.20 1 1
github.com/zoobzio/flume/validation.go:46.58,56.22 7 1
github.com/zoobzio/flume/validation.go:56.22,60.3 2 1
github.com/zoobzio/flume/validation.go:62.2,65.15 2 1
github.com/zoobzio/flume/validation.go:69.88,71.2 1 1
github.com/zoobzio/flume/validation.go:74.128,76.60 1 1
github.com/zoobzio/flume/validation.go:76.60,82.3 2 1
github.com/zoobzio/flume/validation.go:85.2,85.39 1 1
github.com/zoobzio/flume/validation.go:85.39,91.3 2 1
github.com/zoobzio/flume/validation.go:94.2,94.23 1 1
github.com/zoobzio/flume/validation.go:94.23,97.3 2 1
github.com/zoobzio/flume/validation.go:100.2,100.20 1 1
github.com/zoobzio/flume/validation.go:100.20,102.28 1 1
github.com/zoobzio/flume/validation.go:102.28,108.4 2 1
github.com/zoobzio/flume/validation.go:110.3,110.62 1 1
github.com/zoobzio/flume/validation.go:110.62,115.4 1 1
github.com/zoobzio/flume/validation.go:118.3,119.9 2 1
github.com/zoobzio/flume/validation.go:123.2,123.19 1 1
github.com/zoobzio/flume/validation.go:124.18,125.54 1 1
github.com/zoobzio/flume/validation.go:126.32,127.56 1 1
github.com/zoobzio/flume/validation.go:128.14,129.50 1 1
github.com/zoobzio/flume/validation.go:130.18,131.54 1 1
github.com/zoobzio/flume/validation.go:132.15,133.51 1 1
github.com/zoobzio/flume/validation.go:134.17,135.53 1 1
github.com/zoobzio/flume/validation.go:136.16,137.52 1 1
github.com/zoobzio/flume/validation.go:138.16,139.52 1 1
github.com/zoobzio/flume/validation.go:140.25,141.60 1 1
github.com/zoobzio/flume/validation.go:142.20,143.55 1 1
github.com/zoobzio/flume/validation.go:144.10,146.24 1 1
github.com/zoobzio/flume/validation.go:146.24,148.4 1 0
github.com/zoobzio/flume/validation.go:148.9,153.4 1 1
github.com/zoobzio/flume/validation.go:158.121,159.29 1 1
github.com/zoobzio/flume/validation.go:159.29,165.3 2 1
github.com/zoobzio/flume/validation.go:168.2,168.31 1 1
github.com/zoobzio/flume/validation.go:168.31,171.3 2 1
github.com/zoobzio/flume/validation.go:175.123,176.29 1 1
github.com/zoobzio/flume/validation.go:176.29,182.3 2 1
github.com/zoobzio/flume/validation.go:185.2,185.31 1 1
github.com/zoobzio/flume/validation.go:185.31,188.3 2 1
github.com/zoobzio/flume/validation.go:192.117,193.29 1 1
github.com/zoobzio/flume/validation.go:193.29,199.3 2 1
github.com/zoobzio/flume/validation.go:202.2,202.31 1 1
github.com/zoobzio/flume/validation.go:202.31,205.3 2 1
github.com/zoobzio/flume/validation.go:209.121,210.29 1 1
github.com/zoobzio/flume/validation.go:210.29,216.3 2 1
github.com/zoobzio/flume/validation.go:219.2,224.28 4 1
github.com/zoobzio/flume/validation.go:224.28,228.3 3 1
github.com/zoobzio/flume/validation.go:232.118,233.23 1 1
github.com/zoobzio/flume/validation.go:233.23,239.3 2 1
github.com/zoobzio/flume/validation.go:242.2,242.23 1 1
github.com/zoobzio/flume/validation.go:242.23,247.3 1 1
github.com/zoobzio/flume/validation.go:250.2,250.24 1 1
github.com/zoobzio/flume/validation.go:250.24,251.61 1 1
github.com/zoobzio/flume/validation.go:251.61,256.4 1 1
github.com/zoobzio/flume/validation.go:260.2,261.71 2 1
github.com/zoobzio/flume/validation.go:265.120,266.23 1 1
github.com/zoobzio/flume/validation.go:266.23,272.3 2 1
github.com/zoobzio/flume/validation.go:275.2,275.25 1 1
github.com/zoobzio/flume/validation.go:275.25,276.62 1 1
github.com/zoobzio/flume/validation.go:276.62,281.4 1 1
github.com/zoobzio/flume/validation.go:285.2,286.71 2 1
github.com/zoobzio/flume/validation.go:290.119,292.26 1 1
github.com/zoobzio/flume/validation.go:292.26,297.3 1 1
github.com/zoobzio/flume/validation.go:297.8,297.74 1 1
github.com/zoobzio/flume/validation.go:297.74,302.3 1 1
github.com/zoobzio/flume/validation.go:305.2,305.22 1 1
github.com/zoobzio/flume/validation.go:305.22,310.3 1 1
github.com/zoobzio/flume/validation.go:310.8,313.3 2 1
github.com/zoobzio/flume/validation.go:316.2,316.22 1 1
github.com/zoobzio/flume/validation.go:316.22,319.3 2 1
github.com/zoobzio/flume/validation.go:323.119,325.26 1 1
github.com/zoobzio/flume/validation.go:325.26,330.3 1 1
github.com/zoobzio/flume/validation.go:330.8,330.74 1 1
github.com/zoobzio/flume/validation.go:330.74,335.3 1 1
github.com/zoobzio/flume/validation.go:338.2,338.27 1 1
github.com/zoobzio/flume/validation.go:338.27,343.3 1 1
github.com/zoobzio/flume/validation.go:343.8,345.32 1 1
github.com/zoobzio/flume/validation.go:345.32,349.4 3 1
github.com/zoobzio/flume/validation.go:353.2,353.25 1 1
github.com/zoobzio/flume/validation.go:353.25,356.3 2 1
github.com/zoobzio/flume/validation.go:360.127,361.23 1 1
github.com/zoobzio/flume/validation.go:361.23,367.3 2 1
github.com/zoobzio/flume/validation.go:370.2,370.32 1 1
github.com/zoobzio/flume/validation.go:370.32,371.69 1 1
github.com/zoobzio/flume/validation.go:371.69,376.4 1 1
github.com/zoobzio/flume/validation.go:380.2,381.71 2 1
github.com/zoobzio/flume/validation.go:385.122,386.23 1 1
github.com/zoobzio/flume/validation.go:386.23,392.3 2 1
github.com/zoobzio/flume/validation.go:395.2,395.32 1 1
github.com/zoobzio/flume/validation.go:395.32,400.3 1 0
github.com/zoobzio/flume/validation.go:403.2,403.24 1 1
github.com/zoobzio/flume/validation.go:403.24,408.3 1 0
github.com/zoobzio/flume/validation.go:411.2,412.71 2 1
github.com/zoobzio/flume/validation.go:416.109,418.23 1 1
github.com/zoobzio/flume/validation.go:418.23,424.3 2 0
github.com/zoobzio/flume/validation.go:427.2,427.31 1 1
github.com/zoobzio/flume/validation.go:427.31,432.3 1 1
github.com/zoobzio/flume/validation.go:435.2,435.23 1 1
github.com/zoobzio/flume/validation.go:435.23,440.3 1 1
github.com/zoobzio/flume/validation.go:442.2,442.28 1 1
github.com/zoobzio/flume/validation.go:442.28,447.3 1 1
github.com/zoobzio/flume/validation.go:450.2,450.39 1 1
github.com/zoobzio/flume/validation.go:450.39,455.3 1 1
